<?xml version="1.0" encoding="UTF-8"?>
<!-- Generated by org.testng.reporters.JUnitXMLReporter -->
<testsuite hostname="HIBACL131408" ignored="0" name="Test" tests="4" failures="0" timestamp="14 Nov 2019 06:27:55 GMT" time="35.144" errors="0">
  <testcase name="BatchExecution" time="0.004" classname="com_flight_reservation.BatchExecution_Example"/>
  <testcase name="DragDrop" time="13.777" classname="com_flight_reservation.Drag_and_Drop"/>
  <testcase name="HDFCLAlert" time="0.916" classname="com_flight_reservation.Handle_Window_Alert"/>
  <testcase name="MouseHoverFlipCart" time="7.849" classname="com_flight_reservation.Mouse_Hover_Yatra_Com"/>
</testsuite> <!-- Test -->
