<?xml version="1.0" encoding="UTF-8"?>
<testng-results skipped="0" failed="0" ignored="0" total="4" passed="4">
  <reporter-output>
  </reporter-output>
  <suite name="Suite" duration-ms="35144" started-at="2019-11-14T06:27:20Z" finished-at="2019-11-14T06:27:55Z">
    <groups>
    </groups>
    <test name="Test" duration-ms="35144" started-at="2019-11-14T06:27:20Z" finished-at="2019-11-14T06:27:55Z">
      <class name="com_flight_reservation.BatchExecution_Example">
        <test-method status="PASS" signature="BatchExecution()[pri:0, instance:com_flight_reservation.BatchExecution_Example@4c70fda8]" name="BatchExecution" duration-ms="4" started-at="2019-11-14T11:57:32Z" finished-at="2019-11-14T11:57:32Z">
          <reporter-output>
          </reporter-output>
        </test-method> <!-- BatchExecution -->
      </class> <!-- com_flight_reservation.BatchExecution_Example -->
      <class name="com_flight_reservation.Drag_and_Drop">
        <test-method status="PASS" signature="LaunchBrowser()[pri:0, instance:com_flight_reservation.Drag_and_Drop@475530b9]" name="LaunchBrowser" is-config="true" duration-ms="4197" started-at="2019-11-14T11:57:20Z" finished-at="2019-11-14T11:57:24Z">
          <reporter-output>
          </reporter-output>
        </test-method> <!-- LaunchBrowser -->
        <test-method status="PASS" signature="LaunchBrowser()[pri:0, instance:com_flight_reservation.Handle_Window_Alert@1d057a39]" name="LaunchBrowser" is-config="true" duration-ms="3891" started-at="2019-11-14T11:57:24Z" finished-at="2019-11-14T11:57:28Z">
          <reporter-output>
          </reporter-output>
        </test-method> <!-- LaunchBrowser -->
        <test-method status="PASS" signature="LaunchBrowser()[pri:0, instance:com_flight_reservation.Mouse_Hover_Yatra_Com@26be92ad]" name="LaunchBrowser" is-config="true" duration-ms="3822" started-at="2019-11-14T11:57:28Z" finished-at="2019-11-14T11:57:32Z">
          <reporter-output>
          </reporter-output>
        </test-method> <!-- LaunchBrowser -->
        <test-method status="PASS" signature="DragDrop()[pri:0, instance:com_flight_reservation.Drag_and_Drop@475530b9]" name="DragDrop" duration-ms="13777" started-at="2019-11-14T11:57:32Z" finished-at="2019-11-14T11:57:46Z">
          <reporter-output>
          </reporter-output>
        </test-method> <!-- DragDrop -->
      </class> <!-- com_flight_reservation.Drag_and_Drop -->
      <class name="com_flight_reservation.Handle_Window_Alert">
        <test-method status="PASS" signature="HDFCLAlert()[pri:0, instance:com_flight_reservation.Handle_Window_Alert@1d057a39]" name="HDFCLAlert" duration-ms="916" started-at="2019-11-14T11:57:46Z" finished-at="2019-11-14T11:57:47Z">
          <reporter-output>
          </reporter-output>
        </test-method> <!-- HDFCLAlert -->
        <test-method status="PASS" signature="CloseBrowser()[pri:0, instance:com_flight_reservation.Handle_Window_Alert@1d057a39]" name="CloseBrowser" is-config="true" duration-ms="669" started-at="2019-11-14T11:57:55Z" finished-at="2019-11-14T11:57:55Z">
          <reporter-output>
          </reporter-output>
        </test-method> <!-- CloseBrowser -->
      </class> <!-- com_flight_reservation.Handle_Window_Alert -->
      <class name="com_flight_reservation.Mouse_Hover_Yatra_Com">
        <test-method status="PASS" signature="MouseHoverFlipCart()[pri:0, instance:com_flight_reservation.Mouse_Hover_Yatra_Com@26be92ad]" name="MouseHoverFlipCart" duration-ms="7849" started-at="2019-11-14T11:57:47Z" finished-at="2019-11-14T11:57:55Z">
          <reporter-output>
          </reporter-output>
        </test-method> <!-- MouseHoverFlipCart -->
      </class> <!-- com_flight_reservation.Mouse_Hover_Yatra_Com -->
    </test> <!-- Test -->
  </suite> <!-- Suite -->
</testng-results>
